Arguments: 
  /Users/sensei/.nvm/versions/node/v16.4.0/bin/node /Users/sensei/.yarn/bin/yarnpkg install

PATH: 
  /Users/sensei/Desktop/work/node_modules/.bin:/Users/sensei/Desktop/node_modules/.bin:/Users/sensei/node_modules/.bin:/Users/node_modules/.bin:/node_modules/.bin:/Users/sensei/.nvm/versions/node/v16.4.0/lib/node_modules/npm/node_modules/@npmcli/run-script/lib/node-gyp-bin:/Users/sensei/.nvm/versions/node/v16.4.0/bin:/Users/sensei/.yarn/bin:/Users/sensei/.config/yarn/global/node_modules/.bin:/Users/sensei/.nvm/versions/node/v16.4.0/bin:~/Library/Android/sdk/platform-tools:/Users/sensei/.bin:/usr/local/bin:/usr/bin:/bin:/usr/sbin:/sbin:/Library/Apple/usr/bin:/Users/sensei/Library/Android/sdk/platform-tools

Yarn version: 
  1.22.15

Node version: 
  16.4.0

Platform: 
  darwin arm64

Trace: 
  Error: https://registry.yarnpkg.com/jsc-android/-/jsc-android-245459.0.0.tgz: ESOCKETTIMEDOUT
      at ClientRequest.<anonymous> (/Users/sensei/.yarn/lib/cli.js:141512:19)
      at Object.onceWrapper (node:events:513:28)
      at ClientRequest.emit (node:events:394:28)
      at TLSSocket.emitRequestTimeout (node:_http_client:761:9)
      at Object.onceWrapper (node:events:513:28)
      at TLSSocket.emit (node:events:406:35)
      at TLSSocket.Socket._onTimeout (node:net:476:8)
      at listOnTimeout (node:internal/timers:557:17)
      at processTimers (node:internal/timers:500:7)

npm manifest: 
  {
    "main": "node_modules/expo/AppEntry.js",
    "scripts": {
      "start": "expo start",
      "android": "expo start --android",
      "ios": "expo start --ios",
      "web": "expo start --web",
      "eject": "expo eject"
    },
    "dependencies": {
      "expo": "~44.0.0",
      "expo-status-bar": "~1.2.0",
      "react": "17.0.1",
      "react-dom": "17.0.1",
      "react-native": "0.64.3",
      "react-native-web": "0.17.1"
    },
    "devDependencies": {
      "@babel/core": "^7.12.9",
      "@types/react": "~17.0.21",
      "@types/react-native": "~0.64.12",
      "typescript": "~4.3.5"
    },
    "private": true
  }

yarn manifest: 
  No manifest

Lockfile: 
  No lockfile
